<?xml version="1.0" encoding="UTF-8"?>
<!-- Generated by org.testng.reporters.JUnitXMLReporter -->
<testsuite ignored="1" hostname="VSP-CSP8VQ3" failures="0" tests="4" name="Test1" time="0.052" errors="0" timestamp="2023-02-14T18:55:52 IST">
  <testcase classname="TestNGPriority.TestngGroupingDemo" name="test1" time="0.008"/>
  <testcase classname="TestNGPriority.TestngGroupingDemo" name="test2" time="0.001"/>
  <testcase classname="TestNGPriority.TestngGroupingDemo" name="test3" time="0.001"/>
  <testcase classname="TestNGPriority.TestngGroupingDemo" name="test4" time="0.0"/>
  <testcase classname="TestNGPriority.TestngGroupingDemo" name="test5" time="0.0">
    <ignored/>
  </testcase> <!-- test5 -->
</testsuite> <!-- Test1 -->
